<?xml version="1.0" encoding="UTF-8"?>
<!-- Generated by org.testng.reporters.JUnitXMLReporter -->
<testsuite ignored="0" hostname="LAPTOP-KBV6SF0Q" failures="1" tests="3" name="OpencartTest" time="42.809" errors="0" timestamp="2024-03-14T09:39:51 IST">
  <testcase classname="testCases.TC_003_LoginDDT_Test" name="test_login_ddt" time="15.983">
    <failure type="java.lang.AssertionError" message="expected [true] but found [false]">
      <![CDATA[java.lang.AssertionError: expected [true] but found [false]
at testCases.TC_003_LoginDDT_Test.test_login_ddt(TC_003_LoginDDT_Test.java:40)
at java.base/java.util.ArrayList.forEach(ArrayList.java:1511)
... Removed 31 stack frames]]>
    </failure>
  </testcase> <!-- test_login_ddt -->
  <testcase classname="testCases.TC_003_LoginDDT_Test" name="test_login_ddt" time="10.707"/>
  <testcase classname="testCases.TC_003_LoginDDT_Test" name="test_login_ddt" time="10.782"/>
</testsuite> <!-- OpencartTest -->
